This is pdfTeX, Version 3.1415926-2.3-1.40.12 (MiKTeX 2.9 64-bit) (preloaded format=pdflatex 2016.5.28)  3 JUN 2016 03:19
entering extended mode
**MyThesis.tex
(D:\University\Licenta\TezaRaport\Tex\MyThesis.tex
LaTeX2e <2011/06/27>
Babel <v3.8m> and hyphenation patterns for english, afrikaans, ancientgreek, ar
abic, armenian, assamese, basque, bengali, bokmal, bulgarian, catalan, coptic, 
croatian, czech, danish, dutch, esperanto, estonian, farsi, finnish, french, ga
lician, german, german-x-2009-06-19, greek, gujarati, hindi, hungarian, iceland
ic, indonesian, interlingua, irish, italian, kannada, kurmanji, lao, latin, lat
vian, lithuanian, malayalam, marathi, mongolian, mongolianlmc, monogreek, ngerm
an, ngerman-x-2009-06-19, nynorsk, oriya, panjabi, pinyin, polish, portuguese, 
romanian, russian, sanskrit, serbian, slovak, slovenian, spanish, swedish, swis
sgerman, tamil, telugu, turkish, turkmen, ukenglish, ukrainian, uppersorbian, u
senglishmax, welsh, loaded.
("C:\Program Files\MiKTeX 2.9\tex\latex\base\article.cls"
Document Class: article 2007/10/19 v1.4h Standard LaTeX document class
("C:\Program Files\MiKTeX 2.9\tex\latex\base\size12.clo"
File: size12.clo 2007/10/19 v1.4h Standard LaTeX file (size option)
)
\c@part=\count79
\c@section=\count80
\c@subsection=\count81
\c@subsubsection=\count82
\c@paragraph=\count83
\c@subparagraph=\count84
\c@figure=\count85
\c@table=\count86
\abovecaptionskip=\skip41
\belowcaptionskip=\skip42
\bibindent=\dimen102
)
(D:\University\Licenta\TezaRaport\Tex\style.sty

LaTeX Warning: You have requested package `style',
               but the package provides `Style'.

Package: Style 
("C:\Program Files\MiKTeX 2.9\tex\latex\tools\array.sty"
Package: array 2008/09/09 v2.4c Tabular extension package (FMi)
\col@sep=\dimen103
\extrarowheight=\dimen104
\NC@list=\toks14
\extratabsurround=\skip43
\backup@length=\skip44
)
("C:\Program Files\MiKTeX 2.9\tex\latex\caption\caption.sty"
Package: caption 2012/02/19 v3.2f Customizing captions (AR)

("C:\Program Files\MiKTeX 2.9\tex\latex\caption\caption3.sty"
Package: caption3 2012/01/12 v1.4b caption3 kernel (AR)

("C:\Program Files\MiKTeX 2.9\tex\latex\graphics\keyval.sty"
Package: keyval 1999/03/16 v1.13 key=value parser (DPC)
\KV@toks@=\toks15
)
\captionmargin=\dimen105
\captionmargin@=\dimen106
\captionwidth=\dimen107
\caption@indent=\dimen108
\caption@parindent=\dimen109
\caption@hangindent=\dimen110
)
\c@ContinuedFloat=\count87
)
("C:\Program Files\MiKTeX 2.9\tex\latex\was\gensymb.sty"
Package: gensymb 2003/07/02 v1.0 (WaS)
)
("C:\Program Files\MiKTeX 2.9\tex\latex\hyperref\hyperref.sty"
Package: hyperref 2012/05/13 v6.82q Hypertext links for LaTeX

("C:\Program Files\MiKTeX 2.9\tex\generic\oberdiek\hobsub-hyperref.sty"
Package: hobsub-hyperref 2012/04/25 v1.12 Bundle oberdiek, subset hyperref (HO)


("C:\Program Files\MiKTeX 2.9\tex\generic\oberdiek\hobsub-generic.sty"
Package: hobsub-generic 2012/04/25 v1.12 Bundle oberdiek, subset generic (HO)
Package: hobsub 2012/04/25 v1.12 Construct package bundles (HO)
Package: infwarerr 2010/04/08 v1.3 Providing info/warning/error messages (HO)
Package: ltxcmds 2011/11/09 v1.22 LaTeX kernel commands for general use (HO)
Package: ifluatex 2010/03/01 v1.3 Provides the ifluatex switch (HO)
Package ifluatex Info: LuaTeX not detected.
Package: ifvtex 2010/03/01 v1.5 Detect VTeX and its facilities (HO)
Package ifvtex Info: VTeX not detected.
Package: intcalc 2007/09/27 v1.1 Expandable calculations with integers (HO)
Package: ifpdf 2011/01/30 v2.3 Provides the ifpdf switch (HO)
Package ifpdf Info: pdfTeX in PDF mode is detected.
Package: etexcmds 2011/02/16 v1.5 Avoid name clashes with e-TeX commands (HO)
Package etexcmds Info: Could not find \expanded.
(etexcmds)             That can mean that you are not using pdfTeX 1.50 or
(etexcmds)             that some package has redefined \expanded.
(etexcmds)             In the latter case, load this package earlier.
Package: kvsetkeys 2012/04/25 v1.16 Key value parser (HO)
Package: kvdefinekeys 2011/04/07 v1.3 Define keys (HO)
Package: pdftexcmds 2011/11/29 v0.20 Utility functions of pdfTeX for LuaTeX (HO
)
Package pdftexcmds Info: LuaTeX not detected.
Package pdftexcmds Info: \pdf@primitive is available.
Package pdftexcmds Info: \pdf@ifprimitive is available.
Package pdftexcmds Info: \pdfdraftmode found.
Package: pdfescape 2011/11/25 v1.13 Implements pdfTeX's escape features (HO)
Package: bigintcalc 2012/04/08 v1.3 Expandable calculations on big integers (HO
)
Package: bitset 2011/01/30 v1.1 Handle bit-vector datatype (HO)
Package: uniquecounter 2011/01/30 v1.2 Provide unlimited unique counter (HO)
)
Package hobsub Info: Skipping package `hobsub' (already loaded).
Package: letltxmacro 2010/09/02 v1.4 Let assignment for LaTeX macros (HO)
Package: hopatch 2011/06/24 v1.1 Wrapper for package hooks (HO)
Package: xcolor-patch 2011/01/30 xcolor patch
Package: atveryend 2011/06/30 v1.8 Hooks at the very end of document (HO)
Package atveryend Info: \enddocument detected (standard20110627).
Package: atbegshi 2011/10/05 v1.16 At begin shipout hook (HO)
Package: refcount 2011/10/16 v3.4 Data extraction from label references (HO)
Package: hycolor 2011/01/30 v1.7 Color options for hyperref/bookmark (HO)
)
("C:\Program Files\MiKTeX 2.9\tex\generic\ifxetex\ifxetex.sty"
Package: ifxetex 2010/09/12 v0.6 Provides ifxetex conditional
)
("C:\Program Files\MiKTeX 2.9\tex\latex\oberdiek\kvoptions.sty"
Package: kvoptions 2011/06/30 v3.11 Key value format for package options (HO)
)
\@linkdim=\dimen111
\Hy@linkcounter=\count88
\Hy@pagecounter=\count89

("C:\Program Files\MiKTeX 2.9\tex\latex\hyperref\pd1enc.def"
File: pd1enc.def 2012/05/13 v6.82q Hyperref: PDFDocEncoding definition (HO)
)
\Hy@SavedSpaceFactor=\count90

("C:\Program Files\MiKTeX 2.9\tex\latex\00miktex\hyperref.cfg"
File: hyperref.cfg 2002/06/06 v1.2 hyperref configuration of TeXLive
)
Package hyperref Info: Hyper figures OFF on input line 4062.
Package hyperref Info: Link nesting OFF on input line 4067.
Package hyperref Info: Hyper index ON on input line 4070.
Package hyperref Info: Plain pages OFF on input line 4077.
Package hyperref Info: Backreferencing OFF on input line 4082.
Package hyperref Info: Implicit mode ON; LaTeX internals redefined.
Package hyperref Info: Bookmarks ON on input line 4300.
\c@Hy@tempcnt=\count91

("C:\Program Files\MiKTeX 2.9\tex\latex\ltxmisc\url.sty"
\Urlmuskip=\muskip10
Package: url 2006/04/12  ver 3.3  Verb mode for urls, etc.
)
LaTeX Info: Redefining \url on input line 4653.
\Fld@menulength=\count92
\Field@Width=\dimen112
\Fld@charsize=\dimen113
Package hyperref Info: Hyper figures OFF on input line 5773.
Package hyperref Info: Link nesting OFF on input line 5778.
Package hyperref Info: Hyper index ON on input line 5781.
Package hyperref Info: backreferencing OFF on input line 5788.
Package hyperref Info: Link coloring OFF on input line 5793.
Package hyperref Info: Link coloring with OCG OFF on input line 5798.
Package hyperref Info: PDF/A mode OFF on input line 5803.
LaTeX Info: Redefining \ref on input line 5843.
LaTeX Info: Redefining \pageref on input line 5847.
\Hy@abspage=\count93
\c@Item=\count94
\c@Hfootnote=\count95
)

Package hyperref Message: Driver (autodetected): hpdftex.

("C:\Program Files\MiKTeX 2.9\tex\latex\hyperref\hpdftex.def"
File: hpdftex.def 2012/05/13 v6.82q Hyperref driver for pdfTeX
\Fld@listcount=\count96
\c@bookmark@seq@number=\count97

("C:\Program Files\MiKTeX 2.9\tex\latex\oberdiek\rerunfilecheck.sty"
Package: rerunfilecheck 2011/04/15 v1.7 Rerun checks for auxiliary files (HO)
Package uniquecounter Info: New unique counter `rerunfilecheck' on input line 2
82.
)
\Hy@SectionHShift=\skip45
)
("C:\Program Files\MiKTeX 2.9\tex\latex\ams\math\amsmath.sty"
Package: amsmath 2000/07/18 v2.13 AMS math features
\@mathmargin=\skip46

For additional information on amsmath, use the `?' option.
("C:\Program Files\MiKTeX 2.9\tex\latex\ams\math\amstext.sty"
Package: amstext 2000/06/29 v2.01

("C:\Program Files\MiKTeX 2.9\tex\latex\ams\math\amsgen.sty"
File: amsgen.sty 1999/11/30 v2.0
\@emptytoks=\toks16
\ex@=\dimen114
))
("C:\Program Files\MiKTeX 2.9\tex\latex\ams\math\amsbsy.sty"
Package: amsbsy 1999/11/29 v1.2d
\pmbraise@=\dimen115
)
("C:\Program Files\MiKTeX 2.9\tex\latex\ams\math\amsopn.sty"
Package: amsopn 1999/12/14 v2.01 operator names
)
\inf@bad=\count98
LaTeX Info: Redefining \frac on input line 211.
\uproot@=\count99
\leftroot@=\count100
LaTeX Info: Redefining \overline on input line 307.
\classnum@=\count101
\DOTSCASE@=\count102
LaTeX Info: Redefining \ldots on input line 379.
LaTeX Info: Redefining \dots on input line 382.
LaTeX Info: Redefining \cdots on input line 467.
\Mathstrutbox@=\box26
\strutbox@=\box27
\big@size=\dimen116
LaTeX Font Info:    Redeclaring font encoding OML on input line 567.
LaTeX Font Info:    Redeclaring font encoding OMS on input line 568.
\macc@depth=\count103
\c@MaxMatrixCols=\count104
\dotsspace@=\muskip11
\c@parentequation=\count105
\dspbrk@lvl=\count106
\tag@help=\toks17
\row@=\count107
\column@=\count108
\maxfields@=\count109
\andhelp@=\toks18
\eqnshift@=\dimen117
\alignsep@=\dimen118
\tagshift@=\dimen119
\tagwidth@=\dimen120
\totwidth@=\dimen121
\lineht@=\dimen122
\@envbody=\toks19
\multlinegap=\skip47
\multlinetaggap=\skip48
\mathdisplay@stack=\toks20
LaTeX Info: Redefining \[ on input line 2666.
LaTeX Info: Redefining \] on input line 2667.
)
("C:\Program Files\MiKTeX 2.9\tex\latex\tocloft\tocloft.sty"
Package: tocloft 2010/10/13 v2.3e parameterised ToC, etc., typesetting
Package tocloft Info: The document has section divisions on input line 43.
\cftparskip=\skip49
\cftbeforetoctitleskip=\skip50
\cftaftertoctitleskip=\skip51
\cftbeforepartskip=\skip52
\cftpartnumwidth=\skip53
\cftpartindent=\skip54
\cftbeforesecskip=\skip55
\cftsecindent=\skip56
\cftsecnumwidth=\skip57
\cftbeforesubsecskip=\skip58
\cftsubsecindent=\skip59
\cftsubsecnumwidth=\skip60
\cftbeforesubsubsecskip=\skip61
\cftsubsubsecindent=\skip62
\cftsubsubsecnumwidth=\skip63
\cftbeforeparaskip=\skip64
\cftparaindent=\skip65
\cftparanumwidth=\skip66
\cftbeforesubparaskip=\skip67
\cftsubparaindent=\skip68
\cftsubparanumwidth=\skip69
\cftbeforeloftitleskip=\skip70
\cftafterloftitleskip=\skip71
\cftbeforefigskip=\skip72
\cftfigindent=\skip73
\cftfignumwidth=\skip74
\c@lofdepth=\count110
\c@lotdepth=\count111
\cftbeforelottitleskip=\skip75
\cftafterlottitleskip=\skip76
\cftbeforetabskip=\skip77
\cfttabindent=\skip78
\cfttabnumwidth=\skip79
)
("C:\Program Files\MiKTeX 2.9\tex\latex\setspace\setspace.sty"
Package: setspace 2011/12/19 v6.7a set line spacing
)
("C:\Program Files\MiKTeX 2.9\tex\latex\titlesec\titlesec.sty"
Package: titlesec 2011/12/15 v2.10.0 Sectioning titles
\ttl@box=\box28
\beforetitleunit=\skip80
\aftertitleunit=\skip81
\ttl@plus=\dimen123
\ttl@minus=\dimen124
\ttl@toksa=\toks21
\titlewidth=\dimen125
\titlewidthlast=\dimen126
\titlewidthfirst=\dimen127
)
("C:\Program Files\MiKTeX 2.9\tex\latex\geometry\geometry.sty"
Package: geometry 2010/09/12 v5.6 Page Geometry
\Gm@cnth=\count112
\Gm@cntv=\count113
\c@Gm@tempcnt=\count114
\Gm@bindingoffset=\dimen128
\Gm@wd@mp=\dimen129
\Gm@odd@mp=\dimen130
\Gm@even@mp=\dimen131
\Gm@layoutwidth=\dimen132
\Gm@layoutheight=\dimen133
\Gm@layouthoffset=\dimen134
\Gm@layoutvoffset=\dimen135
\Gm@dimlist=\toks22

("C:\Program Files\MiKTeX 2.9\tex\latex\geometry\geometry.cfg"))
("C:\Program Files\MiKTeX 2.9\tex\latex\graphics\graphicx.sty"
Package: graphicx 1999/02/16 v1.0f Enhanced LaTeX Graphics (DPC,SPQR)

("C:\Program Files\MiKTeX 2.9\tex\latex\graphics\graphics.sty"
Package: graphics 2009/02/05 v1.0o Standard LaTeX Graphics (DPC,SPQR)

("C:\Program Files\MiKTeX 2.9\tex\latex\graphics\trig.sty"
Package: trig 1999/03/16 v1.09 sin cos tan (DPC)
)
("C:\Program Files\MiKTeX 2.9\tex\latex\00miktex\graphics.cfg"
File: graphics.cfg 2007/01/18 v1.5 graphics configuration of teTeX/TeXLive
)
Package graphics Info: Driver file: pdftex.def on input line 91.

("C:\Program Files\MiKTeX 2.9\tex\latex\pdftex-def\pdftex.def"
File: pdftex.def 2011/05/27 v0.06d Graphics/color for pdfTeX
\Gread@gobject=\count115
))
\Gin@req@height=\dimen136
\Gin@req@width=\dimen137
)
Package caption Info: We need package `newfloat' on input line 14.

("C:\Program Files\MiKTeX 2.9\tex\latex\caption\newfloat.sty"
Package: newfloat 2011/11/16 v1.0a Defining new floating environments (AR)
)
("C:\Program Files\MiKTeX 2.9\tex\latex\tools\layout.sty"
Package: layout 2000/09/25 v1.2c Show layout parameters
\oneinch=\count116
\cnt@paperwidth=\count117
\cnt@paperheight=\count118
\cnt@hoffset=\count119
\cnt@voffset=\count120
\cnt@textheight=\count121
\cnt@textwidth=\count122
\cnt@topmargin=\count123
\cnt@oddsidemargin=\count124
\cnt@evensidemargin=\count125
\cnt@headheight=\count126
\cnt@headsep=\count127
\cnt@marginparsep=\count128
\cnt@marginparwidth=\count129
\cnt@marginparpush=\count130
\cnt@footskip=\count131
\fheight=\count132
\ref@top=\count133
\ref@hoffset=\count134
\ref@voffset=\count135
\ref@head=\count136
\ref@body=\count137
\ref@foot=\count138
\ref@margin=\count139
\ref@marginwidth=\count140
\ref@marginpar=\count141
\Interval=\count142
\ExtraYPos=\count143
\PositionX=\count144
\PositionY=\count145
\ArrowLength=\count146
)
("C:\Program Files\MiKTeX 2.9\tex\latex\fancyhdr\fancyhdr.sty"
\fancy@headwidth=\skip82
\f@ncyO@elh=\skip83
\f@ncyO@erh=\skip84
\f@ncyO@olh=\skip85
\f@ncyO@orh=\skip86
\f@ncyO@elf=\skip87
\f@ncyO@erf=\skip88
\f@ncyO@olf=\skip89
\f@ncyO@orf=\skip90
)
("C:\Program Files\MiKTeX 2.9\tex\latex\base\inputenc.sty"
Package: inputenc 2008/03/30 v1.1d Input encoding file
\inpenc@prehook=\toks23
\inpenc@posthook=\toks24

("C:\Program Files\MiKTeX 2.9\tex\latex\ucs\utf8x.def"
File: utf8x.def 2004/10/17 UCS: Input encoding UTF-8
))
("C:\Program Files\MiKTeX 2.9\tex\latex\ucs\ucs.sty"
Package: ucs 2004/10/17 UCS: Unicode input support

("C:\Program Files\MiKTeX 2.9\tex\latex\ucs\data\uni-global.def"
File: uni-global.def 2012/04/20 UCS: Unicode global data
)
\uc@secondtry=\count147
\uc@combtoks=\toks25
\uc@combtoksb=\toks26
\uc@temptokena=\toks27
)
("C:\Program Files\MiKTeX 2.9\tex\latex\multirow\multirow.sty"
\bigstrutjot=\dimen138
)
("C:\Program Files\MiKTeX 2.9\tex\latex\oberdiek\epstopdf.sty"
Package: epstopdf 2010/02/09 v2.5 Conversion with epstopdf on the fly (HO)

("C:\Program Files\MiKTeX 2.9\tex\latex\oberdiek\epstopdf-base.sty"
Package: epstopdf-base 2010/02/09 v2.5 Base part for package epstopdf

("C:\Program Files\MiKTeX 2.9\tex\latex\oberdiek\grfext.sty"
Package: grfext 2010/08/19 v1.1 Manage graphics extensions (HO)
)
Package grfext Info: Graphics extension search list:
(grfext)             [.png,.pdf,.jpg,.mps,.jpeg,.jbig2,.jb2,.PNG,.PDF,.JPG,.JPE
G,.JBIG2,.JB2,.eps]
(grfext)             \AppendGraphicsExtensions on input line 452.
))
("C:\Program Files\MiKTeX 2.9\tex\latex\pbox\pbox.sty"
Package: pbox 2011/12/07 v1.2 Dynamic parboxes

("C:\Program Files\MiKTeX 2.9\tex\latex\tools\calc.sty"
Package: calc 2007/08/22 v4.3 Infix arithmetic (KKT,FJ)
\calc@Acount=\count148
\calc@Bcount=\count149
\calc@Adimen=\dimen139
\calc@Bdimen=\dimen140
\calc@Askip=\skip91
\calc@Bskip=\skip92
LaTeX Info: Redefining \setlength on input line 76.
LaTeX Info: Redefining \addtolength on input line 77.
\calc@Ccount=\count150
\calc@Cskip=\skip93
)
("C:\Program Files\MiKTeX 2.9\tex\latex\base\ifthen.sty"
Package: ifthen 2001/05/26 v1.1c Standard LaTeX ifthen package (DPC)
)
\pb@xlen=\skip94
)
("C:\Program Files\MiKTeX 2.9\tex\latex\mwe\mwe.sty"
Package: mwe 2012/05/15 v0.3 Package to support minimal working examples (MWE)

("C:\Program Files\MiKTeX 2.9\tex\latex\lipsum\lipsum.sty"
Package: lipsum 2011/04/14 v1.2 150 paragraphs of Lorem Ipsum dummy text
\c@lips@count=\count151
)
("C:\Program Files\MiKTeX 2.9\tex\latex\blindtext\blindtext.sty"
Package: blindtext 2012/01/06 V2.0 blindtext-Package

("C:\Program Files\MiKTeX 2.9\tex\latex\tools\xspace.sty"
Package: xspace 2009/10/20 v1.13 Space after command names (DPC,MH)
)
\c@blindtext=\count152
\c@Blindtext=\count153
\c@blind@countparstart=\count154
\blind@countxx=\count155
\blindtext@numBlindtext=\count156
\blind@countyy=\count157
\c@blindlist=\count158
\c@blindlistlevel=\count159
\c@blindlist@level=\count160
\blind@listitem=\count161
\c@blind@listcount=\count162
\c@blind@levelcount=\count163
\blind@mathformula=\count164
\blind@Mathformula=\count165
\c@blind@randomcount=\count166
\c@blind@randommax=\count167
\c@blind@pangramcount=\count168
\c@blind@pangrammax=\count169
))
("C:\Program Files\MiKTeX 2.9\tex\latex\subfig\subfig.sty"
Package: subfig 2005/06/28 ver: 1.3 subfig package
\c@KVtest=\count170
\sf@farskip=\skip95
\sf@captopadj=\dimen141
\sf@capskip=\skip96
\sf@nearskip=\skip97
\c@subfigure=\count171
\c@subfigure@save=\count172
\c@subtable=\count173
\c@subtable@save=\count174
\sf@top=\skip98
\sf@bottom=\skip99
)
("C:\Program Files\MiKTeX 2.9\tex\latex\enumitem\enumitem.sty"
Package: enumitem 2011/09/28 v3.5.2 Customized lists
\labelindent=\skip100
\enit@outerparindent=\dimen142
\enit@toks=\toks28
\enit@inbox=\box29
\enitdp@description=\count175
)
("C:\Program Files\MiKTeX 2.9\tex\latex\footmisc\footmisc.sty"
Package: footmisc 2011/06/06 v5.5b a miscellany of footnote facilities
\FN@temptoken=\toks29
\footnotemargin=\dimen143
\c@pp@next@reset=\count176


LaTeX Warning: Command \@footnotemark  has changed.
               Check if current package is valid.

Package footmisc Info: Declaring symbol style bringhurst on input line 855.
Package footmisc Info: Declaring symbol style chicago on input line 863.
Package footmisc Info: Declaring symbol style wiley on input line 872.
Package footmisc Info: Declaring symbol style lamport-robust on input line 883.

Package footmisc Info: Declaring symbol style lamport* on input line 903.
Package footmisc Info: Declaring symbol style lamport*-robust on input line 924
.
) ("C:\Program Files\MiKTeX 2.9\tex\latex\listings\listings.sty"
\lst@mode=\count177
\lst@gtempboxa=\box30
\lst@token=\toks30
\lst@length=\count178
\lst@currlwidth=\dimen144
\lst@column=\count179
\lst@pos=\count180
\lst@lostspace=\dimen145
\lst@width=\dimen146
\lst@newlines=\count181
\lst@lineno=\count182
\lst@maxwidth=\dimen147

("C:\Program Files\MiKTeX 2.9\tex\latex\listings\lstmisc.sty"
File: lstmisc.sty 2007/02/22 1.4 (Carsten Heinz)
\c@lstnumber=\count183
\lst@skipnumbers=\count184
\lst@framebox=\box31
)
("C:\Program Files\MiKTeX 2.9\tex\latex\listings\listings.cfg"
File: listings.cfg 2007/02/22 1.4 listings configuration
))
Package: listings 2007/02/22 1.4 (Carsten Heinz)

("C:\Program Files\MiKTeX 2.9\tex\latex\graphics\color.sty"
Package: color 2005/11/14 v1.0j Standard LaTeX Color (DPC)

("C:\Program Files\MiKTeX 2.9\tex\latex\00miktex\color.cfg"
File: color.cfg 2007/01/18 v1.5 color configuration of teTeX/TeXLive
)
Package color Info: Driver file: pdftex.def on input line 130.
)
("C:\Program Files\MiKTeX 2.9\tex\latex\rotating\rotating.sty"
Package: rotating 2009/03/28 v2.16a rotated objects in LaTeX
\c@r@tfl@t=\count185
\rotFPtop=\skip101
\rotFPbot=\skip102
\rot@float@box=\box32
\rot@mess@toks=\toks31
)
\c@theorem=\count186

("C:\Program Files\MiKTeX 2.9\tex\latex\titlesec\ttlkeys.def"
File: ttlkeys.def 2011/12/15
))
("C:\Program Files\MiKTeX 2.9\tex\latex\pdfpages\pdfpages.sty"
Package: pdfpages 2012/04/03 v0.4s Insert pages of external PDF documents (AM)

("C:\Program Files\MiKTeX 2.9\tex\latex\eso-pic\eso-pic.sty"
Package: eso-pic 2010/10/06 v2.0c eso-pic (RN)
)
("C:\Program Files\MiKTeX 2.9\tex\latex\pdfpages\pppdftex.def"
File: pppdftex.def 2012/04/03 v0.4s Pdfpages driver for pdfTeX (AM)
)
\AM@pagebox=\box33
\AM@toc@title=\toks32
\c@AM@survey=\count187
\AM@templatesizebox=\box34
)
(D:\University\Licenta\TezaRaport\Tex\MyThesis.aux
(D:\University\Licenta\TezaRaport\Tex\other/abbreviation.aux))
LaTeX Font Info:    Checking defaults for OML/cmm/m/it on input line 8.
LaTeX Font Info:    ... okay on input line 8.
LaTeX Font Info:    Checking defaults for T1/cmr/m/n on input line 8.
LaTeX Font Info:    ... okay on input line 8.
LaTeX Font Info:    Checking defaults for OT1/cmr/m/n on input line 8.
LaTeX Font Info:    ... okay on input line 8.
LaTeX Font Info:    Checking defaults for OMS/cmsy/m/n on input line 8.
LaTeX Font Info:    ... okay on input line 8.
LaTeX Font Info:    Checking defaults for OMX/cmex/m/n on input line 8.
LaTeX Font Info:    ... okay on input line 8.
LaTeX Font Info:    Checking defaults for U/cmr/m/n on input line 8.
LaTeX Font Info:    ... okay on input line 8.
LaTeX Font Info:    Checking defaults for PD1/pdf/m/n on input line 8.
LaTeX Font Info:    ... okay on input line 8.
Package caption Info: Begin \AtBeginDocument code.
Package caption Info: subfig package v1.3 is loaded.
Package caption Info: hyperref package is loaded.
Package caption Info: listings package is loaded.
Package caption Info: rotating package is loaded.
Package caption Info: End \AtBeginDocument code.
LaTeX Info: Redefining \celsius on input line 8.
Package gensymb Info: Faking symbols for \degree and \celsius on input line 8.


Package gensymb Warning: Not defining \perthousand.

LaTeX Info: Redefining \ohm on input line 8.
Package gensymb Info: Using \Omega for \ohm on input line 8.

Package gensymb Warning: Not defining \micro.

\AtBeginShipoutBox=\box35
Package hyperref Info: Link coloring OFF on input line 8.
("C:\Program Files\MiKTeX 2.9\tex\latex\hyperref\nameref.sty"
Package: nameref 2010/04/30 v2.40 Cross-referencing by name of section

("C:\Program Files\MiKTeX 2.9\tex\generic\oberdiek\gettitlestring.sty"
Package: gettitlestring 2010/12/03 v1.4 Cleanup title references (HO)
)
\c@section@level=\count188
)
LaTeX Info: Redefining \ref on input line 8.
LaTeX Info: Redefining \pageref on input line 8.
LaTeX Info: Redefining \nameref on input line 8.

(D:\University\Licenta\TezaRaport\Tex\MyThesis.out)
(D:\University\Licenta\TezaRaport\Tex\MyThesis.out)
\@outlinefile=\write3

*geometry* driver: auto-detecting
*geometry* detected driver: pdftex
*geometry* verbose mode - [ preamble ] result:
* driver: pdftex
* paper: a4paper
* layout: <same size as paper>
* layoutoffset:(h,v)=(0.0pt,0.0pt)
* modes: 
* h-part:(L,W,R)=(56.9055pt, 512.14963pt, 28.45274pt)
* v-part:(T,H,B)=(56.9055pt, 731.23584pt, 56.9055pt)
* \paperwidth=597.50787pt
* \paperheight=845.04684pt
* \textwidth=512.14963pt
* \textheight=731.23584pt
* \oddsidemargin=-15.36449pt
* \evensidemargin=-15.36449pt
* \topmargin=-15.36449pt
* \headheight=0.0pt
* \headsep=0.0pt
* \topskip=12.0pt
* \footskip=28.45274pt
* \marginparwidth=35.0pt
* \marginparsep=10.0pt
* \columnsep=10.0pt
* \skip\footins=10.8pt plus 4.0pt minus 2.0pt
* \hoffset=0.0pt
* \voffset=0.0pt
* \mag=1000
* \@twocolumnfalse
* \@twosidefalse
* \@mparswitchfalse
* \@reversemarginfalse
* (1in=72.27pt=25.4mm, 1cm=28.453pt)

("C:\Program Files\MiKTeX 2.9\tex\context\base\supp-pdf.mkii"
[Loading MPS to PDF converter (version 2006.09.02).]
\scratchcounter=\count189
\scratchdimen=\dimen148
\scratchbox=\box36
\nofMPsegments=\count190
\nofMParguments=\count191
\everyMPshowfont=\toks33
\MPscratchCnt=\count192
\MPscratchDim=\dimen149
\MPnumerator=\count193
\makeMPintoPDFobject=\count194
\everyMPtoPDFconversion=\toks34
) ("C:\Program Files\MiKTeX 2.9\tex\latex\ucs\ucsencs.def"
File: ucsencs.def 2011/01/21 Fixes to fontencodings LGR, T3
)
\c@lstlisting=\count195

<others/title.pdf, id=203, page=1, 596.2275pt x 844.15375pt>
File: others/title.pdf Graphic file (type pdf)

<use others/title.pdf, page 1>
Package pdftex.def Info: others/title.pdf, page1 used on input line 15.
(pdftex.def)             Requested size: 596.22604pt x 844.15169pt.
File: others/title.pdf Graphic file (type pdf)
 <use others/title.pdf, page 1>
Package pdftex.def Info: others/title.pdf, page1 used on input line 15.
(pdftex.def)             Requested size: 596.96295pt x 845.19502pt.
File: others/title.pdf Graphic file (type pdf)

<use others/title.pdf, page 1>
Package pdftex.def Info: others/title.pdf, page1 used on input line 15.
(pdftex.def)             Requested size: 596.96295pt x 845.19502pt.
File: others/title.pdf Graphic file (type pdf)
 <use others/title.pdf, page 1>
Package pdftex.def Info: others/title.pdf, page1 used on input line 15.
(pdftex.def)             Requested size: 596.96295pt x 845.19502pt.
File: others/title.pdf Graphic file (type pdf)

<use others/title.pdf, page 1>
Package pdftex.def Info: others/title.pdf, page1 used on input line 15.
(pdftex.def)             Requested size: 596.96295pt x 845.19502pt.
 [1

 <D:/University/Licenta/TezaRaport/Tex/others/title.pdf

pdfTeX warning: pdflatex (file D:/University/Licenta/TezaRaport/Tex/others/titl
e.pdf): PDF inclusion: invalid other resource which is no dict (key 'ProcSets',
 type <array>); ignored.
>] <others/signatures.pdf, id=229, page=1, 596.2275pt x 844.15375pt>
File: others/signatures.pdf Graphic file (type pdf)

<use others/signatures.pdf, page 1>
Package pdftex.def Info: others/signatures.pdf, page1 used on input line 16.
(pdftex.def)             Requested size: 596.22604pt x 844.15169pt.
File: others/signatures.pdf Graphic file (type pdf)
 <use others/signatures.pdf, page 1>
Package pdftex.def Info: others/signatures.pdf, page1 used on input line 16.
(pdftex.def)             Requested size: 596.96295pt x 845.19502pt.
File: others/signatures.pdf Graphic file (type pdf)

<use others/signatures.pdf, page 1>
Package pdftex.def Info: others/signatures.pdf, page1 used on input line 16.
(pdftex.def)             Requested size: 596.96295pt x 845.19502pt.
File: others/signatures.pdf Graphic file (type pdf)
 <use others/signatures.pdf, page 1>
Package pdftex.def Info: others/signatures.pdf, page1 used on input line 16.
(pdftex.def)             Requested size: 596.96295pt x 845.19502pt.
pdfTeX warning (ext4): destination with the same identifier (name{page.}) has b
een already used, duplicate ignored
<to be read again> 
                   \relax 
l.16 ...udepdf[pages = {1}]{others/signatures.pdf}
                                                  
File: others/signatures.pdf Graphic file (type pdf)

<use others/signatures.pdf, page 1>
Package pdftex.def Info: others/signatures.pdf, page1 used on input line 16.
(pdftex.def)             Requested size: 596.96295pt x 845.19502pt.
 [2 <D:/University/Licenta/TezaRaport/Tex/others/signatures.pdf

pdfTeX warning: pdflatex (file D:/University/Licenta/TezaRaport/Tex/others/sign
atures.pdf): PDF inclusion: invalid other resource which is no dict (key 'ProcS
ets', type <array>); ignored.
>] <others/notebook.pdf, id=267, page=1, 596.2275pt x 844.15375pt>
File: others/notebook.pdf Graphic file (type pdf)

<use others/notebook.pdf, page 1>
Package pdftex.def Info: others/notebook.pdf, page1 used on input line 17.
(pdftex.def)             Requested size: 596.22604pt x 844.15169pt.
File: others/notebook.pdf Graphic file (type pdf)
 <use others/notebook.pdf, page 1>
Package pdftex.def Info: others/notebook.pdf, page1 used on input line 17.
(pdftex.def)             Requested size: 596.96295pt x 845.19502pt.
File: others/notebook.pdf Graphic file (type pdf)

<use others/notebook.pdf, page 1>
Package pdftex.def Info: others/notebook.pdf, page1 used on input line 17.
(pdftex.def)             Requested size: 596.96295pt x 845.19502pt.
File: others/notebook.pdf Graphic file (type pdf)
 <use others/notebook.pdf, page 1>
Package pdftex.def Info: others/notebook.pdf, page1 used on input line 17.
(pdftex.def)             Requested size: 596.96295pt x 845.19502pt.
pdfTeX warning (ext4): destination with the same identifier (name{page.}) has b
een already used, duplicate ignored
<to be read again> 
                   \relax 
l.17 \includepdf[pages={1,2}]{others/notebook.pdf}
                                                  
File: others/notebook.pdf Graphic file (type pdf)

<use others/notebook.pdf, page 1>
Package pdftex.def Info: others/notebook.pdf, page1 used on input line 17.
(pdftex.def)             Requested size: 596.96295pt x 845.19502pt.
 [3 <D:/University/Licenta/TezaRaport/Tex/others/notebook.pdf

pdfTeX warning: pdflatex (file D:/University/Licenta/TezaRaport/Tex/others/note
book.pdf): PDF inclusion: invalid other resource which is no dict (key 'ProcSet
s', type <array>); ignored.
>] <others/notebook.pdf, id=300, page=2, 596.2275pt x 844.15375pt>
File: others/notebook.pdf Graphic file (type pdf)

<use others/notebook.pdf, page 2>
Package pdftex.def Info: others/notebook.pdf, page2 used on input line 17.
(pdftex.def)             Requested size: 596.96295pt x 845.19502pt.
File: others/notebook.pdf Graphic file (type pdf)
 <use others/notebook.pdf, page 2>
Package pdftex.def Info: others/notebook.pdf, page2 used on input line 17.
(pdftex.def)             Requested size: 596.96295pt x 845.19502pt.
pdfTeX warning (ext4): destination with the same identifier (name{page.}) has b
een already used, duplicate ignored
<to be read again> 
                   \relax 
l.17 \includepdf[pages={1,2}]{others/notebook.pdf}
                                                  
File: others/notebook.pdf Graphic file (type pdf)

<use others/notebook.pdf, page 2>
Package pdftex.def Info: others/notebook.pdf, page2 used on input line 17.
(pdftex.def)             Requested size: 596.96295pt x 845.19502pt.
 [4 <D:/University/Licenta/TezaRaport/Tex/others/notebook.pdf

pdfTeX warning: pdflatex (file D:/University/Licenta/TezaRaport/Tex/others/note
book.pdf): PDF inclusion: invalid other resource which is no dict (key 'ProcSet
s', type <array>); ignored.
>] (D:\University\Licenta\TezaRaport\Tex\Abstract.tex
("C:\Program Files\MiKTeX 2.9\tex\latex\ucs\data\uni-2.def"
File: uni-2.def 2012/04/20 UCS: Unicode data U+0200..U+02FF
))pdfTeX warning (ext4): destination with the same identifier (name{page.}) has
 been already used, duplicate ignored
<to be read again> 
                   \relax 
l.22 \newpage
              [5{C:/ProgramData/MiKTeX/2.9/pdftex/config/pdftex.map}]
(D:\University\Licenta\TezaRaport\Tex\Rezumat.tex
("C:\Program Files\MiKTeX 2.9\tex\latex\ucs\data\uni-1.def"
File: uni-1.def 2012/04/20 UCS: Unicode data U+0100..U+01FF
)
("C:\Program Files\MiKTeX 2.9\tex\latex\ucs\data\uni-0.def"
File: uni-0.def 2012/04/20 UCS: Unicode data U+0000..U+00FF
))pdfTeX warning (ext4): destination with the same identifier (name{page.}) has
 been already used, duplicate ignored
<to be read again> 
                   \relax 
l.25 \newpage
              [6] (D:\University\Licenta\TezaRaport\Tex\MyThesis.tocpdfTeX warn
ing (ext4): destination with the same identifier (name{page.}) has been already
 used, duplicate ignored
<to be read again> 
                   \relax 
l.36 ...Project time schedule}{30}{subsection.4.3}
                                                  
<others/page1.pdf, id=349, 597.55246pt x 845.07718pt>
File: others/page1.pdf Graphic file (type pdf)
 <use others/page1.pdf>
Package pdftex.def Info: others/page1.pdf used on input line 36.
(pdftex.def)             Requested size: 597.551pt x 845.07512pt.

[7 <D:/University/Licenta/TezaRaport/Tex/others/page1.pdf>])
\tf@toc=\write4
pdfTeX warning (ext4): destination with the same identifier (name{page.}) has b
een already used, duplicate ignored
<to be read again> 
                   \relax 
l.34 \newpage
              <others/page2.pdf, id=399, 597.55246pt x 845.07718pt>
File: others/page2.pdf Graphic file (type pdf)

<use others/page2.pdf>
Package pdftex.def Info: others/page2.pdf used on input line 34.
(pdftex.def)             Requested size: 597.551pt x 845.07512pt.
 [8 <D:/University/Licenta/TezaRaport/Tex/others/page2.pdf>] (D:\University\Lic
enta\TezaRaport\Tex\MyThesis.lof)
\tf@lof=\write5
 [10]
(D:\University\Licenta\TezaRaport\Tex\MyThesis.lol)
\tf@lol=\write6
 [11]
No file other/abbreviation.tex.
(D:\University\Licenta\TezaRaport\Tex\Introduction.tex) [12



]
(D:\University\Licenta\TezaRaport\Tex\Chapter_1.tex
("C:\Program Files\MiKTeX 2.9\tex\latex\ucs\data\uni-32.def"
File: uni-32.def 2012/04/20 UCS: Unicode data U+2000..U+20FF
) [13] [14]
<scratch.png, id=474, 1027.84pt x 747.79375pt>
File: scratch.png Graphic file (type png)
 <use scratch.png>
Package pdftex.def Info: scratch.png used on input line 75.
(pdftex.def)             Requested size: 284.52756pt x 207.00745pt.
 [15 <D:/University/Licenta/TezaRaport/Tex/scratch.png>] [16] [17])
(D:\University\Licenta\TezaRaport\Tex\Chapter_3.tex [18



]

pdfTeX warning: pdflatex (file D:/University/Licenta/TezaRaport/figures/2_uc_ge
neral.pdf): PDF inclusion: found PDF version <1.7>, but at most version <1.5> a
llowed
<../figures/2_uc_general.pdf, id=498, 614.295pt x 794.97pt>
File: ../figures/2_uc_general.pdf Graphic file (type pdf)

<use ../figures/2_uc_general.pdf>
Package pdftex.def Info: ../figures/2_uc_general.pdf used on input line 43.
(pdftex.def)             Requested size: 455.24408pt x 262.30948pt.


pdfTeX warning: pdflatex (file D:/University/Licenta/TezaRaport/figures/1_uc_ex
ercise_stage.pdf): PDF inclusion: found PDF version <1.7>, but at most version 
<1.5> allowed
<../figures/1_uc_exercise_stage.pdf, id=501, 614.295pt x 794.97pt>
File: ../figures/1_uc_exercise_stage.pdf Graphic file (type pdf)

<use ../figures/1_uc_exercise_stage.pdf>
Package pdftex.def Info: ../figures/1_uc_exercise_stage.pdf used on input line 
52.
(pdftex.def)             Requested size: 455.24408pt x 272.85246pt.


LaTeX Warning: `!h' float specifier changed to `!ht'.

[19 <D:/University/Licenta/TezaRaport/figures/2_uc_general.pdf>]

pdfTeX warning: pdflatex (file D:/University/Licenta/TezaRaport/figures/1_deplo
y_diagram.pdf): PDF inclusion: found PDF version <1.7>, but at most version <1.
5> allowed
<../figures/1_deploy_diagram.pdf, id=526, 614.295pt x 794.97pt>
File: ../figures/1_deploy_diagram.pdf Graphic file (type pdf)

<use ../figures/1_deploy_diagram.pdf>
Package pdftex.def Info: ../figures/1_deploy_diagram.pdf used on input line 75.

(pdftex.def)             Requested size: 455.24408pt x 220.13753pt.
 [20 <D:/University/Licenta/TezaRaport/figures/1_uc_exercise_stage.pdf> <D:/Uni
versity/Licenta/TezaRaport/figures/1_deploy_diagram.pdf>]

pdfTeX warning: pdflatex (file D:/University/Licenta/TezaRaport/figures/1_class
_ui.pdf): PDF inclusion: found PDF version <1.7>, but at most version <1.5> all
owed
<../figures/1_class_ui.pdf, id=571, 614.295pt x 794.97pt>
File: ../figures/1_class_ui.pdf Graphic file (type pdf)

<use ../figures/1_class_ui.pdf>
Package pdftex.def Info: ../figures/1_class_ui.pdf used on input line 100.
(pdftex.def)             Requested size: 455.24408pt x 420.45424pt.
 [21

 <D:/University/Licenta/TezaRaport/figures/1_class_ui.pdf>]

pdfTeX warning: pdflatex (file D:/University/Licenta/TezaRaport/figures/2_class
_leapstates.pdf): PDF inclusion: found PDF version <1.7>, but at most version <
1.5> allowed
<../figures/2_class_leapstates.pdf, id=604, 614.295pt x 794.97pt>
File: ../figures/2_class_leapstates.pdf Graphic file (type pdf)

<use ../figures/2_class_leapstates.pdf>
Package pdftex.def Info: ../figures/2_class_leapstates.pdf used on input line 1
08.
(pdftex.def)             Requested size: 455.24408pt x 346.65337pt.
 [22

 <D:/University/Licenta/TezaRaport/figures/2_class_leapstates.pdf>]

pdfTeX warning: pdflatex (file D:/University/Licenta/TezaRaport/figures/1_seque
nce_exercise.pdf): PDF inclusion: found PDF version <1.7>, but at most version 
<1.5> allowed
<../figures/1_sequence_exercise.pdf, id=638, 614.295pt x 794.97pt>
File: ../figures/1_sequence_exercise.pdf Graphic file (type pdf)

<use ../figures/1_sequence_exercise.pdf>
Package pdftex.def Info: ../figures/1_sequence_exercise.pdf used on input line 
119.
(pdftex.def)             Requested size: 455.24408pt x 188.50858pt.
 [23

 <D:/University/Licenta/TezaRaport/figures/1_sequence_exercise.pdf>]

pdfTeX warning: pdflatex (file D:/University/Licenta/TezaRaport/figures/1_activ
ity_performs_exercise.pdf): PDF inclusion: found PDF version <1.7>, but at most
 version <1.5> allowed
<../figures/1_activity_performs_exercise.pdf, id=656, 614.295pt x 794.97pt>
File: ../figures/1_activity_performs_exercise.pdf Graphic file (type pdf)

<use ../figures/1_activity_performs_exercise.pdf>
Package pdftex.def Info: ../figures/1_activity_performs_exercise.pdf used on in
put line 145.
(pdftex.def)             Requested size: 455.24408pt x 335.57028pt.


LaTeX Warning: `!h' float specifier changed to `!ht'.

[24

] [25 <D:/University/Licenta/TezaRaport/figures/1_activity_performs_exercise.pd
f>]

pdfTeX warning: pdflatex (file D:/University/Licenta/TezaRaport/figures/1_state
_chooseExercise.pdf): PDF inclusion: found PDF version <1.7>, but at most versi
on <1.5> allowed
<../figures/1_state_chooseExercise.pdf, id=687, 614.295pt x 794.97pt>
File: ../figures/1_state_chooseExercise.pdf Graphic file (type pdf)

<use ../figures/1_state_chooseExercise.pdf>
Package pdftex.def Info: ../figures/1_state_chooseExercise.pdf used on input li
ne 176.
(pdftex.def)             Requested size: 455.24408pt x 167.4226pt.
 [26

 <D:/University/Licenta/TezaRaport/figures/1_state_chooseExercise.pdf>]

pdfTeX warning: pdflatex (file D:/University/Licenta/TezaRaport/figures/2_state
_performexercise.pdf): PDF inclusion: found PDF version <1.7>, but at most vers
ion <1.5> allowed
<../figures/2_state_performexercise.pdf, id=713, 614.295pt x 794.97pt>
File: ../figures/2_state_performexercise.pdf Graphic file (type pdf)

<use ../figures/2_state_performexercise.pdf>
Package pdftex.def Info: ../figures/2_state_performexercise.pdf used on input l
ine 183.
(pdftex.def)             Requested size: 455.24408pt x 167.42262pt.
 [27 <D:/University/Licenta/TezaRaport/figures/2_state_performexercise.pdf>])
(D:\University\Licenta\TezaRaport\Tex\Chapter_2.tex
Package hyperref Info: bookmark level for unknown lstlisting defaults to 0 on i
nput line 24.
 [28


])
(D:\University\Licenta\TezaRaport\Tex\Chapter_4.tex [29


] [30] [31] [32]
Overfull \hbox (2.98878pt too wide) in paragraph at lines 155--155
 []|\OT1/cmr/bx/n/12 Measurement 
 []

[33]
Overfull \hbox (2.98878pt too wide) in paragraph at lines 180--180
 []|\OT1/cmr/bx/n/12 Measurement 
 []


Overfull \hbox (2.60692pt too wide) in paragraph at lines 212--212
 []|\OT1/cmr/m/n/12 Whiteboard| 
 []

[34] [35] [36] [37] [38] [39] [40] [41]) [42]
(D:\University\Licenta\TezaRaport\Tex\Conclusions.tex [43

])
(D:\University\Licenta\TezaRaport\Tex\biblio.tex) [44



]

Package caption Warning: Unused \captionsetup[subfigure] on input line 115.
See the caption package documentation for explanation.

Package atveryend Info: Empty hook `BeforeClearDocument' on input line 84.
Package atveryend Info: Empty hook `AfterLastShipout' on input line 84.
(D:\University\Licenta\TezaRaport\Tex\MyThesis.aux
(D:\University\Licenta\TezaRaport\Tex\other/abbreviation.aux))
Package atveryend Info: Executing hook `AtVeryEndDocument' on input line 84.
Package atveryend Info: Executing hook `AtEndAfterFileList' on input line 84.
Package rerunfilecheck Info: File `MyThesis.out' has not changed.
(rerunfilecheck)             Checksum: F0D9E80F7138369B3C7C89E14A9F89A4;3558.
Package atveryend Info: Empty hook `AtVeryVeryEnd' on input line 84.
 ) 
Here is how much of TeX's memory you used:
 13480 strings out of 494045
 194386 string characters out of 3148390
 443157 words of memory out of 3000000
 16395 multiletter control sequences out of 15000+200000
 8300 words of font info for 31 fonts, out of 3000000 for 9000
 715 hyphenation exceptions out of 8191
 43i,18n,46p,1018b,1096s stack positions out of 5000i,500n,10000p,200000b,50000s
<C:/Program Files/MiKTeX 2.9/fonts/type1/public/amsfonts/cm/cmbx12.pfb><C:/Pr
ogram Files/MiKTeX 2.9/fonts/type1/public/amsfonts/cm/cmex10.pfb><C:/Program Fi
les/MiKTeX 2.9/fonts/type1/public/amsfonts/cm/cmmi12.pfb><C:/Program Files/MiKT
eX 2.9/fonts/type1/public/amsfonts/cm/cmmi8.pfb><C:/Program Files/MiKTeX 2.9/fo
nts/type1/public/amsfonts/cm/cmr12.pfb><C:/Program Files/MiKTeX 2.9/fonts/type1
/public/amsfonts/cm/cmr6.pfb><C:/Program Files/MiKTeX 2.9/fonts/type1/public/am
sfonts/cm/cmsy10.pfb><C:/Program Files/MiKTeX 2.9/fonts/type1/public/amsfonts/c
m/cmtt10.pfb><C:/Program Files/MiKTeX 2.9/fonts/type1/public/amsfonts/cm/cmtt12
.pfb>
Output written on MyThesis.pdf (43 pages, 2468655 bytes).
PDF statistics:
 936 PDF objects out of 1000 (max. 8388607)
 143 named destinations out of 1000 (max. 500000)
 570 words of extra memory for PDF output out of 10000 (max. 10000000)

